

Started GET "/" for ::1 at 2016-06-13 18:10:25 -0600

ActionController::RoutingError (uninitialized constant ActionController::API):
  app/controllers/application_controller.rb:1:in `<top (required)>'
  app/controllers/welcome_controller.rb:1:in `<top (required)>'


  Rendered /Users/lindsayhohn/.rvm/gems/ruby-2.1.5/gems/actionpack-4.2.6/lib/action_dispatch/middleware/templates/rescues/_trace.html.erb (2.5ms)
  Rendered /Users/lindsayhohn/.rvm/gems/ruby-2.1.5/gems/actionpack-4.2.6/lib/action_dispatch/middleware/templates/routes/_route.html.erb (1.5ms)
  Rendered /Users/lindsayhohn/.rvm/gems/ruby-2.1.5/gems/actionpack-4.2.6/lib/action_dispatch/middleware/templates/routes/_table.html.erb (22.0ms)
  Rendered /Users/lindsayhohn/.rvm/gems/ruby-2.1.5/gems/actionpack-4.2.6/lib/action_dispatch/middleware/templates/rescues/_request_and_response.html.erb (13.5ms)
  Rendered /Users/lindsayhohn/.rvm/gems/ruby-2.1.5/gems/actionpack-4.2.6/lib/action_dispatch/middleware/templates/rescues/routing_error.html.erb within rescues/layout (88.4ms)
  Rendered /Users/lindsayhohn/.rvm/gems/ruby-2.1.5/gems/web-console-2.3.0/lib/web_console/templates/_markup.html.erb (1.1ms)
  Rendered /Users/lindsayhohn/.rvm/gems/ruby-2.1.5/gems/web-console-2.3.0/lib/web_console/templates/_inner_console_markup.html.erb within layouts/inlined_string (0.4ms)
  Rendered /Users/lindsayhohn/.rvm/gems/ruby-2.1.5/gems/web-console-2.3.0/lib/web_console/templates/_prompt_box_markup.html.erb within layouts/inlined_string (0.5ms)
  Rendered /Users/lindsayhohn/.rvm/gems/ruby-2.1.5/gems/web-console-2.3.0/lib/web_console/templates/style.css.erb within layouts/inlined_string (0.7ms)
  Rendered /Users/lindsayhohn/.rvm/gems/ruby-2.1.5/gems/web-console-2.3.0/lib/web_console/templates/console.js.erb within layouts/javascript (69.2ms)
  Rendered /Users/lindsayhohn/.rvm/gems/ruby-2.1.5/gems/web-console-2.3.0/lib/web_console/templates/main.js.erb within layouts/javascript (0.3ms)
  Rendered /Users/lindsayhohn/.rvm/gems/ruby-2.1.5/gems/web-console-2.3.0/lib/web_console/templates/error_page.js.erb within layouts/javascript (0.6ms)
  Rendered /Users/lindsayhohn/.rvm/gems/ruby-2.1.5/gems/web-console-2.3.0/lib/web_console/templates/index.html.erb (110.8ms)


Started GET "/" for ::1 at 2016-06-13 18:10:26 -0600

ActionController::RoutingError (uninitialized constant ActionController::API):
  app/controllers/application_controller.rb:1:in `<top (required)>'
  app/controllers/welcome_controller.rb:1:in `<top (required)>'


  Rendered /Users/lindsayhohn/.rvm/gems/ruby-2.1.5/gems/actionpack-4.2.6/lib/action_dispatch/middleware/templates/rescues/_trace.html.erb (1.5ms)
  Rendered /Users/lindsayhohn/.rvm/gems/ruby-2.1.5/gems/actionpack-4.2.6/lib/action_dispatch/middleware/templates/routes/_route.html.erb (1.2ms)
  Rendered /Users/lindsayhohn/.rvm/gems/ruby-2.1.5/gems/actionpack-4.2.6/lib/action_dispatch/middleware/templates/routes/_table.html.erb (1.9ms)
  Rendered /Users/lindsayhohn/.rvm/gems/ruby-2.1.5/gems/actionpack-4.2.6/lib/action_dispatch/middleware/templates/rescues/_request_and_response.html.erb (1.1ms)
  Rendered /Users/lindsayhohn/.rvm/gems/ruby-2.1.5/gems/actionpack-4.2.6/lib/action_dispatch/middleware/templates/rescues/routing_error.html.erb within rescues/layout (22.8ms)
  Rendered /Users/lindsayhohn/.rvm/gems/ruby-2.1.5/gems/web-console-2.3.0/lib/web_console/templates/_markup.html.erb (0.3ms)
  Rendered /Users/lindsayhohn/.rvm/gems/ruby-2.1.5/gems/web-console-2.3.0/lib/web_console/templates/_inner_console_markup.html.erb within layouts/inlined_string (0.5ms)
  Rendered /Users/lindsayhohn/.rvm/gems/ruby-2.1.5/gems/web-console-2.3.0/lib/web_console/templates/_prompt_box_markup.html.erb within layouts/inlined_string (0.5ms)
  Rendered /Users/lindsayhohn/.rvm/gems/ruby-2.1.5/gems/web-console-2.3.0/lib/web_console/templates/style.css.erb within layouts/inlined_string (0.8ms)
  Rendered /Users/lindsayhohn/.rvm/gems/ruby-2.1.5/gems/web-console-2.3.0/lib/web_console/templates/console.js.erb within layouts/javascript (20.3ms)
  Rendered /Users/lindsayhohn/.rvm/gems/ruby-2.1.5/gems/web-console-2.3.0/lib/web_console/templates/main.js.erb within layouts/javascript (0.4ms)
  Rendered /Users/lindsayhohn/.rvm/gems/ruby-2.1.5/gems/web-console-2.3.0/lib/web_console/templates/error_page.js.erb within layouts/javascript (0.5ms)
  Rendered /Users/lindsayhohn/.rvm/gems/ruby-2.1.5/gems/web-console-2.3.0/lib/web_console/templates/index.html.erb (39.4ms)


Started GET "/" for ::1 at 2016-06-13 18:10:47 -0600

ActionController::RoutingError (uninitialized constant ActionController::API):
  app/controllers/application_controller.rb:1:in `<top (required)>'
  app/controllers/welcome_controller.rb:1:in `<top (required)>'


  Rendered /Users/lindsayhohn/.rvm/gems/ruby-2.1.5/gems/actionpack-4.2.6/lib/action_dispatch/middleware/templates/rescues/_trace.html.erb (1.6ms)
  Rendered /Users/lindsayhohn/.rvm/gems/ruby-2.1.5/gems/actionpack-4.2.6/lib/action_dispatch/middleware/templates/routes/_route.html.erb (0.6ms)
  Rendered /Users/lindsayhohn/.rvm/gems/ruby-2.1.5/gems/actionpack-4.2.6/lib/action_dispatch/middleware/templates/routes/_table.html.erb (1.2ms)
  Rendered /Users/lindsayhohn/.rvm/gems/ruby-2.1.5/gems/actionpack-4.2.6/lib/action_dispatch/middleware/templates/rescues/_request_and_response.html.erb (1.1ms)
  Rendered /Users/lindsayhohn/.rvm/gems/ruby-2.1.5/gems/actionpack-4.2.6/lib/action_dispatch/middleware/templates/rescues/routing_error.html.erb within rescues/layout (19.6ms)
  Rendered /Users/lindsayhohn/.rvm/gems/ruby-2.1.5/gems/web-console-2.3.0/lib/web_console/templates/_markup.html.erb (0.4ms)
  Rendered /Users/lindsayhohn/.rvm/gems/ruby-2.1.5/gems/web-console-2.3.0/lib/web_console/templates/_inner_console_markup.html.erb within layouts/inlined_string (0.3ms)
  Rendered /Users/lindsayhohn/.rvm/gems/ruby-2.1.5/gems/web-console-2.3.0/lib/web_console/templates/_prompt_box_markup.html.erb within layouts/inlined_string (0.3ms)
  Rendered /Users/lindsayhohn/.rvm/gems/ruby-2.1.5/gems/web-console-2.3.0/lib/web_console/templates/style.css.erb within layouts/inlined_string (0.4ms)
  Rendered /Users/lindsayhohn/.rvm/gems/ruby-2.1.5/gems/web-console-2.3.0/lib/web_console/templates/console.js.erb within layouts/javascript (16.4ms)
  Rendered /Users/lindsayhohn/.rvm/gems/ruby-2.1.5/gems/web-console-2.3.0/lib/web_console/templates/main.js.erb within layouts/javascript (0.2ms)
  Rendered /Users/lindsayhohn/.rvm/gems/ruby-2.1.5/gems/web-console-2.3.0/lib/web_console/templates/error_page.js.erb within layouts/javascript (0.4ms)
  Rendered /Users/lindsayhohn/.rvm/gems/ruby-2.1.5/gems/web-console-2.3.0/lib/web_console/templates/index.html.erb (33.1ms)


Started GET "/" for ::1 at 2016-06-13 18:12:17 -0600

ActionController::RoutingError (uninitialized constant ActionController::API):
  app/controllers/application_controller.rb:1:in `<top (required)>'
  app/controllers/welcome_controller.rb:1:in `<top (required)>'


  Rendered /Users/lindsayhohn/.rvm/gems/ruby-2.1.5/gems/actionpack-4.2.6/lib/action_dispatch/middleware/templates/rescues/_trace.html.erb (1.6ms)
  Rendered /Users/lindsayhohn/.rvm/gems/ruby-2.1.5/gems/actionpack-4.2.6/lib/action_dispatch/middleware/templates/routes/_route.html.erb (0.6ms)
  Rendered /Users/lindsayhohn/.rvm/gems/ruby-2.1.5/gems/actionpack-4.2.6/lib/action_dispatch/middleware/templates/routes/_table.html.erb (5.5ms)
  Rendered /Users/lindsayhohn/.rvm/gems/ruby-2.1.5/gems/actionpack-4.2.6/lib/action_dispatch/middleware/templates/rescues/_request_and_response.html.erb (11.3ms)
  Rendered /Users/lindsayhohn/.rvm/gems/ruby-2.1.5/gems/actionpack-4.2.6/lib/action_dispatch/middleware/templates/rescues/routing_error.html.erb within rescues/layout (37.9ms)
  Rendered /Users/lindsayhohn/.rvm/gems/ruby-2.1.5/gems/web-console-2.3.0/lib/web_console/templates/_markup.html.erb (0.3ms)
  Rendered /Users/lindsayhohn/.rvm/gems/ruby-2.1.5/gems/web-console-2.3.0/lib/web_console/templates/_inner_console_markup.html.erb within layouts/inlined_string (0.3ms)
  Rendered /Users/lindsayhohn/.rvm/gems/ruby-2.1.5/gems/web-console-2.3.0/lib/web_console/templates/_prompt_box_markup.html.erb within layouts/inlined_string (0.3ms)
  Rendered /Users/lindsayhohn/.rvm/gems/ruby-2.1.5/gems/web-console-2.3.0/lib/web_console/templates/style.css.erb within layouts/inlined_string (0.6ms)
  Rendered /Users/lindsayhohn/.rvm/gems/ruby-2.1.5/gems/web-console-2.3.0/lib/web_console/templates/console.js.erb within layouts/javascript (20.6ms)
  Rendered /Users/lindsayhohn/.rvm/gems/ruby-2.1.5/gems/web-console-2.3.0/lib/web_console/templates/main.js.erb within layouts/javascript (0.3ms)
  Rendered /Users/lindsayhohn/.rvm/gems/ruby-2.1.5/gems/web-console-2.3.0/lib/web_console/templates/error_page.js.erb within layouts/javascript (0.3ms)
  Rendered /Users/lindsayhohn/.rvm/gems/ruby-2.1.5/gems/web-console-2.3.0/lib/web_console/templates/index.html.erb (36.4ms)


Started GET "/" for ::1 at 2016-06-13 18:12:20 -0600

ActionController::RoutingError (uninitialized constant ActionController::API):
  app/controllers/application_controller.rb:1:in `<top (required)>'
  app/controllers/welcome_controller.rb:1:in `<top (required)>'


  Rendered /Users/lindsayhohn/.rvm/gems/ruby-2.1.5/gems/actionpack-4.2.6/lib/action_dispatch/middleware/templates/rescues/_trace.html.erb (1.7ms)
  Rendered /Users/lindsayhohn/.rvm/gems/ruby-2.1.5/gems/actionpack-4.2.6/lib/action_dispatch/middleware/templates/routes/_route.html.erb (0.6ms)
  Rendered /Users/lindsayhohn/.rvm/gems/ruby-2.1.5/gems/actionpack-4.2.6/lib/action_dispatch/middleware/templates/routes/_table.html.erb (1.3ms)
  Rendered /Users/lindsayhohn/.rvm/gems/ruby-2.1.5/gems/actionpack-4.2.6/lib/action_dispatch/middleware/templates/rescues/_request_and_response.html.erb (1.1ms)
  Rendered /Users/lindsayhohn/.rvm/gems/ruby-2.1.5/gems/actionpack-4.2.6/lib/action_dispatch/middleware/templates/rescues/routing_error.html.erb within rescues/layout (20.2ms)
  Rendered /Users/lindsayhohn/.rvm/gems/ruby-2.1.5/gems/web-console-2.3.0/lib/web_console/templates/_markup.html.erb (0.4ms)
  Rendered /Users/lindsayhohn/.rvm/gems/ruby-2.1.5/gems/web-console-2.3.0/lib/web_console/templates/_inner_console_markup.html.erb within layouts/inlined_string (0.4ms)
  Rendered /Users/lindsayhohn/.rvm/gems/ruby-2.1.5/gems/web-console-2.3.0/lib/web_console/templates/_prompt_box_markup.html.erb within layouts/inlined_string (0.4ms)
  Rendered /Users/lindsayhohn/.rvm/gems/ruby-2.1.5/gems/web-console-2.3.0/lib/web_console/templates/style.css.erb within layouts/inlined_string (0.4ms)
  Rendered /Users/lindsayhohn/.rvm/gems/ruby-2.1.5/gems/web-console-2.3.0/lib/web_console/templates/console.js.erb within layouts/javascript (17.1ms)
  Rendered /Users/lindsayhohn/.rvm/gems/ruby-2.1.5/gems/web-console-2.3.0/lib/web_console/templates/main.js.erb within layouts/javascript (0.3ms)
  Rendered /Users/lindsayhohn/.rvm/gems/ruby-2.1.5/gems/web-console-2.3.0/lib/web_console/templates/error_page.js.erb within layouts/javascript (0.4ms)
  Rendered /Users/lindsayhohn/.rvm/gems/ruby-2.1.5/gems/web-console-2.3.0/lib/web_console/templates/index.html.erb (34.2ms)


Started GET "/" for ::1 at 2016-06-13 18:12:45 -0600
Processing by WelcomeController#index as HTML
Completed 200 OK in 12ms (Views: 0.2ms | ActiveRecord: 0.0ms)
